Input Notebook:  /home/kamran.karimi1/Project/git/Swarm/yuhaDesertFit2nd/Run0/swarmYuhaDesert.ipynb
Output Notebook: ./output.ipynb
Input notebook does not contain a cell with tag 'parameters'
[NbConvertApp] Converting notebook /home/kamran.karimi1/Project/git/Swarm/yuhaDesertFit2nd/Run0/output.ipynb to html
Traceback (most recent call last):
  File "/global/software/anaconda/anaconda-2.7-5.1.0/bin/jupyter-nbconvert", line 11, in <module>
    sys.exit(main())
  File "/global/software/anaconda/anaconda-2.7-5.1.0/lib/python2.7/site-packages/jupyter_core/application.py", line 266, in launch_instance
    return super(JupyterApp, cls).launch_instance(argv=argv, **kwargs)
  File "/global/software/anaconda/anaconda-2.7-5.1.0/lib/python2.7/site-packages/traitlets/config/application.py", line 658, in launch_instance
    app.start()
  File "/home/kamran.karimi1/.local/lib/python2.7/site-packages/nbconvert/nbconvertapp.py", line 340, in start
    self.convert_notebooks()
  File "/home/kamran.karimi1/.local/lib/python2.7/site-packages/nbconvert/nbconvertapp.py", line 510, in convert_notebooks
    self.convert_single_notebook(notebook_filename)
  File "/home/kamran.karimi1/.local/lib/python2.7/site-packages/nbconvert/nbconvertapp.py", line 481, in convert_single_notebook
    output, resources = self.export_single_notebook(notebook_filename, resources, input_buffer=input_buffer)
  File "/home/kamran.karimi1/.local/lib/python2.7/site-packages/nbconvert/nbconvertapp.py", line 410, in export_single_notebook
    output, resources = self.exporter.from_filename(notebook_filename, resources=resources)
  File "/home/kamran.karimi1/.local/lib/python2.7/site-packages/nbconvert/exporters/exporter.py", line 179, in from_filename
    return self.from_file(f, resources=resources, **kw)
  File "/home/kamran.karimi1/.local/lib/python2.7/site-packages/nbconvert/exporters/exporter.py", line 197, in from_file
    return self.from_notebook_node(nbformat.read(file_stream, as_version=4), resources=resources, **kw)
  File "/home/kamran.karimi1/.local/lib/python2.7/site-packages/nbconvert/exporters/html.py", line 95, in from_notebook_node
    return super(HTMLExporter, self).from_notebook_node(nb, resources, **kw)
  File "/home/kamran.karimi1/.local/lib/python2.7/site-packages/nbconvert/exporters/templateexporter.py", line 307, in from_notebook_node
    nb_copy, resources = super(TemplateExporter, self).from_notebook_node(nb, resources, **kw)
  File "/home/kamran.karimi1/.local/lib/python2.7/site-packages/nbconvert/exporters/exporter.py", line 139, in from_notebook_node
    nb_copy, resources = self._preprocess(nb_copy, resources)
  File "/home/kamran.karimi1/.local/lib/python2.7/site-packages/nbconvert/exporters/exporter.py", line 316, in _preprocess
    nbc, resc = preprocessor(nbc, resc)
  File "/home/kamran.karimi1/.local/lib/python2.7/site-packages/nbconvert/preprocessors/base.py", line 47, in __call__
    return self.preprocess(nb, resources)
  File "/home/kamran.karimi1/.local/lib/python2.7/site-packages/nbconvert/preprocessors/execute.py", line 403, in preprocess
    with self.setup_preprocessor(nb, resources, km=km):
  File "/global/software/anaconda/anaconda-2.7-5.1.0/lib/python2.7/contextlib.py", line 17, in __enter__
    return self.gen.next()
  File "/home/kamran.karimi1/.local/lib/python2.7/site-packages/nbconvert/preprocessors/execute.py", line 345, in setup_preprocessor
    self.km, self.kc = self.start_new_kernel(**kwargs)
  File "/home/kamran.karimi1/.local/lib/python2.7/site-packages/nbconvert/preprocessors/execute.py", line 296, in start_new_kernel
    kc.wait_for_ready(timeout=self.startup_timeout)
  File "/global/software/anaconda/anaconda-2.7-5.1.0/lib/python2.7/site-packages/jupyter_client/blocking/client.py", line 124, in wait_for_ready
    raise RuntimeError("Kernel didn't respond in %d seconds" % timeout)
RuntimeError: Kernel didn't respond in 60 seconds
ls: cannot access output.html: No such file or directory
