Input Notebook:  /home/kamran.karimi1/Project/git/Swarm/multipleNth7/Run3/DifferentThresholds.ipynb
Output Notebook: ./output.ipynb
Input notebook does not contain a cell with tag 'parameters'
[NbConvertApp] Converting notebook /home/kamran.karimi1/Project/git/Swarm/multipleNth7/Run3/output.ipynb to html
Traceback (most recent call last):
  File "/global/software/anaconda/anaconda-2.7-5.1.0/lib/python2.7/runpy.py", line 174, in _run_module_as_main
    "__main__", fname, loader, pkg_name)
  File "/global/software/anaconda/anaconda-2.7-5.1.0/lib/python2.7/runpy.py", line 72, in _run_code
    exec code in run_globals
  File "/global/software/anaconda/anaconda-2.7-5.1.0/lib/python2.7/site-packages/ipykernel_launcher.py", line 16, in <module>
    app.launch_new_instance()
  File "/global/software/anaconda/anaconda-2.7-5.1.0/lib/python2.7/site-packages/traitlets/config/application.py", line 657, in launch_instance
    app.initialize(argv)
  File "<decorator-gen-121>", line 2, in initialize
  File "/global/software/anaconda/anaconda-2.7-5.1.0/lib/python2.7/site-packages/traitlets/config/application.py", line 87, in catch_config_error
    return method(app, *args, **kwargs)
  File "/global/software/anaconda/anaconda-2.7-5.1.0/lib/python2.7/site-packages/ipykernel/kernelapp.py", line 448, in initialize
    self.init_sockets()
  File "/global/software/anaconda/anaconda-2.7-5.1.0/lib/python2.7/site-packages/ipykernel/kernelapp.py", line 238, in init_sockets
    self.shell_port = self._bind_socket(self.shell_socket, self.shell_port)
  File "/global/software/anaconda/anaconda-2.7-5.1.0/lib/python2.7/site-packages/ipykernel/kernelapp.py", line 180, in _bind_socket
    s.bind("tcp://%s:%i" % (self.ip, port))
  File "zmq/backend/cython/socket.pyx", line 495, in zmq.backend.cython.socket.Socket.bind
  File "zmq/backend/cython/checkrc.pxd", line 25, in zmq.backend.cython.checkrc._check_rc
    raise ZMQError(errno)
ZMQError: Address already in use
Traceback (most recent call last):
  File "/global/software/anaconda/anaconda-2.7-5.1.0/bin/jupyter-nbconvert", line 11, in <module>
    sys.exit(main())
  File "/global/software/anaconda/anaconda-2.7-5.1.0/lib/python2.7/site-packages/jupyter_core/application.py", line 266, in launch_instance
    return super(JupyterApp, cls).launch_instance(argv=argv, **kwargs)
  File "/global/software/anaconda/anaconda-2.7-5.1.0/lib/python2.7/site-packages/traitlets/config/application.py", line 658, in launch_instance
    app.start()
  File "/home/kamran.karimi1/.local/lib/python2.7/site-packages/nbconvert/nbconvertapp.py", line 340, in start
    self.convert_notebooks()
  File "/home/kamran.karimi1/.local/lib/python2.7/site-packages/nbconvert/nbconvertapp.py", line 510, in convert_notebooks
    self.convert_single_notebook(notebook_filename)
  File "/home/kamran.karimi1/.local/lib/python2.7/site-packages/nbconvert/nbconvertapp.py", line 481, in convert_single_notebook
    output, resources = self.export_single_notebook(notebook_filename, resources, input_buffer=input_buffer)
  File "/home/kamran.karimi1/.local/lib/python2.7/site-packages/nbconvert/nbconvertapp.py", line 410, in export_single_notebook
    output, resources = self.exporter.from_filename(notebook_filename, resources=resources)
  File "/home/kamran.karimi1/.local/lib/python2.7/site-packages/nbconvert/exporters/exporter.py", line 179, in from_filename
    return self.from_file(f, resources=resources, **kw)
  File "/home/kamran.karimi1/.local/lib/python2.7/site-packages/nbconvert/exporters/exporter.py", line 197, in from_file
    return self.from_notebook_node(nbformat.read(file_stream, as_version=4), resources=resources, **kw)
  File "/home/kamran.karimi1/.local/lib/python2.7/site-packages/nbconvert/exporters/html.py", line 95, in from_notebook_node
    return super(HTMLExporter, self).from_notebook_node(nb, resources, **kw)
  File "/home/kamran.karimi1/.local/lib/python2.7/site-packages/nbconvert/exporters/templateexporter.py", line 307, in from_notebook_node
    nb_copy, resources = super(TemplateExporter, self).from_notebook_node(nb, resources, **kw)
  File "/home/kamran.karimi1/.local/lib/python2.7/site-packages/nbconvert/exporters/exporter.py", line 139, in from_notebook_node
    nb_copy, resources = self._preprocess(nb_copy, resources)
  File "/home/kamran.karimi1/.local/lib/python2.7/site-packages/nbconvert/exporters/exporter.py", line 316, in _preprocess
    nbc, resc = preprocessor(nbc, resc)
  File "/home/kamran.karimi1/.local/lib/python2.7/site-packages/nbconvert/preprocessors/base.py", line 47, in __call__
    return self.preprocess(nb, resources)
  File "/home/kamran.karimi1/.local/lib/python2.7/site-packages/nbconvert/preprocessors/execute.py", line 403, in preprocess
    with self.setup_preprocessor(nb, resources, km=km):
  File "/global/software/anaconda/anaconda-2.7-5.1.0/lib/python2.7/contextlib.py", line 17, in __enter__
    return self.gen.next()
  File "/home/kamran.karimi1/.local/lib/python2.7/site-packages/nbconvert/preprocessors/execute.py", line 345, in setup_preprocessor
    self.km, self.kc = self.start_new_kernel(**kwargs)
  File "/home/kamran.karimi1/.local/lib/python2.7/site-packages/nbconvert/preprocessors/execute.py", line 296, in start_new_kernel
    kc.wait_for_ready(timeout=self.startup_timeout)
  File "/global/software/anaconda/anaconda-2.7-5.1.0/lib/python2.7/site-packages/jupyter_client/blocking/client.py", line 120, in wait_for_ready
    raise RuntimeError('Kernel died before replying to kernel_info')
RuntimeError: Kernel died before replying to kernel_info
